#
# There is insufficient memory for the Java Runtime Environment to continue.
# Native memory allocation (malloc) failed to allocate 1048576 bytes for AllocateHeap
# Possible reasons:
#   The system is out of physical RAM or swap space
#   In 32 bit mode, the process size limit was hit
# Possible solutions:
#   Reduce memory load on the system
#   Increase physical memory or swap space
#   Check if swap backing store is full
#   Use 64 bit Java on a 64 bit OS
#   Decrease Java heap size (-Xmx/-Xms)
#   Decrease number of Java threads
#   Decrease Java thread stack sizes (-Xss)
#   Set larger code cache with -XX:ReservedCodeCacheSize=
# This output file may be truncated or incomplete.
#
#  Out of Memory Error (memory/allocation.inline.hpp:61), pid=21016, tid=0x0000000000003a58
#
# JRE version:  (8.0_76-b03) (build )
# Java VM: OpenJDK 64-Bit Server VM (25.76-b03 mixed mode windows-amd64 compressed oops)
# Failed to write core dump. Minidumps are not enabled by default on client versions of Windows
#

---------------  T H R E A D  ---------------

Current thread (0x0000000002418000):  JavaThread "Unknown thread" [_thread_in_vm, id=14936, stack(0x00000000027c0000,0x00000000028c0000)]

Stack: [0x00000000027c0000,0x00000000028c0000]
[error occurred during error reporting (printing stack bounds), id 0xc0000005]

Native frames: (J=compiled Java code, j=interpreted, Vv=VM code, C=native code)


---------------  P R O C E S S  ---------------

Java Threads: ( => current thread )

Other Threads:

=>0x0000000002418000 (exited) JavaThread "Unknown thread" [_thread_in_vm, id=14936, stack(0x00000000027c0000,0x00000000028c0000)]

VM state:not at safepoint (normal execution)

VM Mutex/Monitor currently owned by a thread: None

Heap:
 PSYoungGen      total 76288K, used 1310K [0x000000076b380000, 0x0000000770880000, 0x00000007c0000000)
  eden space 65536K, 2% used [0x000000076b380000,0x000000076b4c7af0,0x000000076f380000)
  from space 10752K, 0% used [0x000000076fe00000,0x000000076fe00000,0x0000000770880000)
  to   space 10752K, 0% used [0x000000076f380000,0x000000076f380000,0x000000076fe00000)
 ParOldGen       total 175104K, used 0K [0x00000006c1a00000, 0x00000006cc500000, 0x000000076b380000)
  object space 175104K, 0% used [0x00000006c1a00000,0x00000006c1a00000,0x00000006cc500000)
 Metaspace       used 771K, capacity 4480K, committed 4480K, reserved 1056768K
  class space    used 73K, capacity 384K, committed 384K, reserved 1048576K

Card table byte_map: [0x0000000011c80000,0x0000000012480000] byte_map_base: 0x000000000e673000

Marking Bits: (ParMarkBitMap*) 0x00000000630b9d00
 Begin Bits: [0x0000000013070000, 0x0000000017008000)
 End Bits:   [0x0000000017008000, 0x000000001afa0000)

Polling page: 0x0000000001c60000

CodeCache: size=245760Kb used=328Kb max_used=328Kb free=245431Kb
 bounds [0x00000000028c0000, 0x0000000002b30000, 0x00000000118c0000]
 total_blobs=57 nmethods=0 adapters=38
 compilation: enabled

Compilation events (0 events):
No events

GC Heap History (0 events):
No events

Deoptimization events (0 events):
No events

Internal exceptions (0 events):
No events

Events (10 events):
Event: 0.016 loading class java/lang/Short
Event: 0.016 loading class java/lang/Short done
Event: 0.016 loading class java/lang/Integer
Event: 0.016 loading class java/lang/Integer done
Event: 0.016 loading class java/lang/Long
Event: 0.016 loading class java/lang/Long done
Event: 0.017 loading class java/lang/NullPointerException
Event: 0.017 loading class java/lang/NullPointerException done
Event: 0.017 loading class java/lang/ArithmeticException
Event: 0.017 loading class java/lang/ArithmeticException done


Dynamic libraries:
0x000000013f520000 - 0x000000013f551000 	C:\Program Files\Android\Android Studio\jre\bin\java.exe
0x0000000077af0000 - 0x0000000077c9a000 	C:\Windows\SYSTEM32\ntdll.dll
0x00000000777b0000 - 0x00000000778cf000 	C:\Windows\system32\kernel32.dll
0x000007fefe2c0000 - 0x000007fefe32a000 	C:\Windows\system32\KERNELBASE.dll
0x000007feffc80000 - 0x000007feffd5b000 	C:\Windows\system32\ADVAPI32.dll
0x000007fefe330000 - 0x000007fefe3cf000 	C:\Windows\system32\msvcrt.dll
0x000007feff1a0000 - 0x000007feff1bf000 	C:\Windows\SYSTEM32\sechost.dll
0x000007feff680000 - 0x000007feff7ad000 	C:\Windows\system32\RPCRT4.dll
0x0000000077550000 - 0x000000007764a000 	C:\Windows\system32\USER32.dll
0x000007feff530000 - 0x000007feff597000 	C:\Windows\system32\GDI32.dll
0x000007feff190000 - 0x000007feff19e000 	C:\Windows\system32\LPK.dll
0x000007feff890000 - 0x000007feff95a000 	C:\Windows\system32\USP10.dll
0x000007fefd920000 - 0x000007fefdb14000 	C:\Windows\WinSxS\amd64_microsoft.windows.common-controls_6595b64144ccf1df_6.0.7601.17514_none_fa396087175ac9ac\COMCTL32.dll
0x000007feff5b0000 - 0x000007feff621000 	C:\Windows\system32\SHLWAPI.dll
0x000007feff160000 - 0x000007feff18e000 	C:\Windows\system32\IMM32.DLL
0x000007feff420000 - 0x000007feff529000 	C:\Windows\system32\MSCTF.dll
0x000000006bf20000 - 0x000000006bff2000 	C:\Program Files\Android\Android Studio\jre\jre\bin\msvcr100.dll
0x0000000062900000 - 0x0000000063134000 	C:\Program Files\Android\Android Studio\jre\jre\bin\server\jvm.dll
0x000007fef9be0000 - 0x000007fef9be9000 	C:\Windows\system32\WSOCK32.dll
0x000007feff630000 - 0x000007feff67d000 	C:\Windows\system32\WS2_32.dll
0x000007feff5a0000 - 0x000007feff5a8000 	C:\Windows\system32\NSI.dll
0x000007fefbd00000 - 0x000007fefbd3b000 	C:\Windows\system32\WINMM.dll
0x000007fefcda0000 - 0x000007fefcdac000 	C:\Windows\system32\VERSION.dll
0x0000000077cc0000 - 0x0000000077cc7000 	C:\Windows\system32\PSAPI.DLL
0x000007fef80e0000 - 0x000007fef80ef000 	C:\Program Files\Android\Android Studio\jre\jre\bin\verify.dll
0x000007fef7970000 - 0x000007fef7999000 	C:\Program Files\Android\Android Studio\jre\jre\bin\java.dll
0x000007fef7950000 - 0x000007fef7966000 	C:\Program Files\Android\Android Studio\jre\jre\bin\zip.dll

VM Arguments:
jvm_args: -Didea.launcher.port=7534 -Didea.launcher.bin.path=C:\Program Files\Android\Android Studio\bin -Dfile.encoding=UTF-8 
java_command: com.intellij.rt.execution.application.AppMain com.example.fqzhang.myapplication.MainActivity
java_class_path (initial): D:\Users\fqzhang\AppData\Local\Android\sdk\platforms\android-25\android.jar;D:\Users\fqzhang\AppData\Local\Android\sdk\platforms\android-25\data\res;D:\work\IntFlight\MyApplication\app\build\intermediates\classes\debug;D:\work\IntFlight\MyApplication\app\build\intermediates\exploded-aar\com.android.support\support-v4\25.1.1\res;D:\work\IntFlight\MyApplication\app\build\intermediates\exploded-aar\com.android.support\support-v4\25.1.1\jars\classes.jar;D:\work\IntFlight\MyApplication\app\build\intermediates\exploded-aar\com.android.support\support-compat\25.1.1\res;D:\work\IntFlight\MyApplication\app\build\intermediates\exploded-aar\com.android.support\support-compat\25.1.1\jars\classes.jar;D:\work\IntFlight\MyApplication\app\build\intermediates\exploded-aar\com.android.support\support-media-compat\25.1.1\jars\classes.jar;D:\work\IntFlight\MyApplication\app\build\intermediates\exploded-aar\com.android.support\support-media-compat\25.1.1\res;D:\work\IntFlight\MyApplication\app\build\intermediates\exploded-aar\com.android.support\support-core-ui\25.1.1\jars\classes.jar;D:\work\IntFlight\MyApplication\app\build\intermediates\exploded-aar\com.android.support\support-core-ui\25.1.1\res;D:\work\IntFlight\MyApplication\app\build\intermediates\exploded-aar\com.android.support\appcompat-v7\25.1.1\jars\classes.jar;D:\work\IntFlight\MyApplication\app\build\intermediates\exploded-aar\com.android.support\appcompat-v7\25.1.1\res;D:\Users\fqzhang\AppData\Local\Android\sdk\extras\android\m2repository\com\android\support\support-annotations\25.1.1\support-annotations-25.1.1.jar;D:\work\IntFlight\MyApplication\app\build\intermediates\exploded-aar\com.android.support\support-vector-drawable\25.1.1\res;D:\work\IntFlight\MyApplication\app\build\intermediates\exploded-aar\com.android.support\support-vector-drawable\25.1.1\jars\classes.jar;D:\work\IntFlight\MyApplication\app\build\intermediates\exploded-aar\com.android.support\support-core-utils\25.1.1\res;D:\wor
Launcher Type: SUN_STANDARD

Environment Variables:
PATH=C:\ProgramData\Oracle\Java\javapath;C:\Windows\system32;C:\Windows;C:\Windows\System32\Wbem;C:\Windows\System32\WindowsPowerShell\v1.0\;C:\Program Files (x86)\Microsoft SQL Server\110\Tools\Binn\ManagementStudio\;C:\Program Files (x86)\Microsoft SQL Server\110\Tools\Binn\;C:\Program Files\Microsoft SQL Server\110\Tools\Binn\;C:\Program Files (x86)\Microsoft SQL Server\110\DTS\Binn\;C:\Program Files\Git\cmd;C:\Program Files\TortoiseSVN\bin;C:\Program Files (x86)\Git\cmd;C:\Program Files (x86)\GitExtensions\;D:\Users\fqzhang\AppData\Local\Android\sdk\platform-tools;C:\Program Files (x86)\IDM Computer Solutions\UltraEdit
USERNAME=fqzhang
OS=Windows_NT
PROCESSOR_IDENTIFIER=Intel64 Family 6 Model 60 Stepping 3, GenuineIntel



---------------  S Y S T E M  ---------------

OS: Windows 7 , 64 bit Build 7601 (6.1.7601.23796)

CPU:total 4 (4 cores per cpu, 1 threads per core) family 6 model 60 stepping 3, cmov, cx8, fxsr, mmx, sse, sse2, sse3, ssse3, sse4.1, sse4.2, popcnt, avx, avx2, aes, clmul, erms, lzcnt, tsc, tscinvbit, bmi1, bmi2

Memory: 4k page, physical 16664328k(829116k free), swap 20856772k(5600k free)

vm_info: OpenJDK 64-Bit Server VM (25.76-b03) for windows-amd64 JRE (1.8.0_76-release-b03), built on Jun 29 2016 19:09:20 by "ralucas" with MS VC++ 10.0 (VS2010)

time: Thu Aug 03 18:21:11 2017
elapsed time: 0 seconds (0d 0h 0m 0s)

